#
# There is insufficient memory for the Java Runtime Environment to continue.
# Native memory allocation (mmap) failed to map 62914560 bytes for G1 virtual space
# Possible reasons:
#   The system is out of physical RAM or swap space
#   The process is running with CompressedOops enabled, and the Java Heap may be blocking the growth of the native heap
# Possible solutions:
#   Reduce memory load on the system
#   Increase physical memory or swap space
#   Check if swap backing store is full
#   Decrease Java heap size (-Xmx/-Xms)
#   Decrease number of Java threads
#   Decrease Java thread stack sizes (-Xss)
#   Set larger code cache with -XX:ReservedCodeCacheSize=
#   JVM is running with Zero Based Compressed Oops mode in which the Java heap is
#     placed in the first 32GB address space. The Java Heap base address is the
#     maximum limit for the native heap growth. Please use -XX:HeapBaseMinAddress
#     to set the Java Heap base and to place the Java Heap above 32GB virtual address.
# This output file may be truncated or incomplete.
#
#  Out of Memory Error (os_windows.cpp:3535), pid=5500, tid=18444
#
# JRE version: Java(TM) SE Runtime Environment (17.0.4.1+1) (build 17.0.4.1+1-LTS-2)
# Java VM: Java HotSpot(TM) 64-Bit Server VM (17.0.4.1+1-LTS-2, mixed mode, sharing, tiered, compressed oops, compressed class ptrs, g1 gc, windows-amd64)
# No core dump will be written. Minidumps are not enabled by default on client versions of Windows
#

---------------  S U M M A R Y ------------

Command Line: -Dfile.encoding=windows-1252 -Duser.country=US -Duser.language=en -Duser.variant com.example.maruf.a2svc.A2svCApplication

Host: Intel(R) Core(TM) i7-8750H CPU @ 2.20GHz, 12 cores, 15G,  Windows 10 , 64 bit Build 19041 (10.0.19041.1889)
Time: Tue Sep  6 06:04:59 2022 E. Africa Standard Time elapsed time: 5.748028 seconds (0d 0h 0m 5s)

---------------  T H R E A D  ---------------

Current thread (0x00000179b3e6a3c0):  VMThread "VM Thread" [stack: 0x0000005dbfe00000,0x0000005dbff00000] [id=18444]

Stack: [0x0000005dbfe00000,0x0000005dbff00000]
Native frames: (J=compiled Java code, j=interpreted, Vv=VM code, C=native code)
V  [jvm.dll+0x6723ba]
V  [jvm.dll+0x7d1e34]
V  [jvm.dll+0x7d35de]
V  [jvm.dll+0x7d3c43]
V  [jvm.dll+0x243065]
V  [jvm.dll+0x66f2d9]
V  [jvm.dll+0x663c22]
V  [jvm.dll+0x3011cb]
V  [jvm.dll+0x308766]
V  [jvm.dll+0x35846e]
V  [jvm.dll+0x35869f]
V  [jvm.dll+0x2d83e8]
V  [jvm.dll+0x2d66b4]
V  [jvm.dll+0x2d5cbc]
V  [jvm.dll+0x31972b]
V  [jvm.dll+0x7d811b]
V  [jvm.dll+0x7d8e54]
V  [jvm.dll+0x7d936c]
V  [jvm.dll+0x7d9744]
V  [jvm.dll+0x7d9810]
V  [jvm.dll+0x781fca]
V  [jvm.dll+0x671245]
C  [ucrtbase.dll+0x21bb2]
C  [KERNEL32.DLL+0x17034]
C  [ntdll.dll+0x52651]

VM_Operation (0x0000005dbf8fd260): G1CollectForAllocation, mode: safepoint, requested by thread 0x000001798ed909a0


---------------  P R O C E S S  ---------------

Threads class SMR info:
_java_thread_list=0x00000179b8cb5270, length=22, elements={
0x000001798ed909a0, 0x00000179b3e70ee0, 0x00000179b3e71c60, 0x00000179b3e86160,
0x00000179b3e88f30, 0x00000179b3e897f0, 0x00000179b3e8d8e0, 0x00000179b4803580,
0x00000179b3e8e580, 0x00000179b480be90, 0x00000179b493e6a0, 0x00000179b4943120,
0x00000179b4a69a20, 0x00000179b4e2a7b0, 0x00000179bafff890, 0x00000179b76f11f0,
0x00000179b8f35420, 0x00000179b7ee0c00, 0x00000179b7fbe030, 0x00000179b6427940,
0x00000179b6426ad0, 0x00000179bafed0d0
}

Java Threads: ( => current thread )
  0x000001798ed909a0 JavaThread "main" [_thread_blocked, id=1192, stack(0x0000005dbf800000,0x0000005dbf900000)]
  0x00000179b3e70ee0 JavaThread "Reference Handler" daemon [_thread_blocked, id=30540, stack(0x0000005dbff00000,0x0000005dc0000000)]
  0x00000179b3e71c60 JavaThread "Finalizer" daemon [_thread_blocked, id=22932, stack(0x0000005dc0000000,0x0000005dc0100000)]
  0x00000179b3e86160 JavaThread "Signal Dispatcher" daemon [_thread_blocked, id=6852, stack(0x0000005dc0100000,0x0000005dc0200000)]
  0x00000179b3e88f30 JavaThread "Attach Listener" daemon [_thread_blocked, id=19808, stack(0x0000005dc0200000,0x0000005dc0300000)]
  0x00000179b3e897f0 JavaThread "Service Thread" daemon [_thread_blocked, id=21564, stack(0x0000005dc0300000,0x0000005dc0400000)]
  0x00000179b3e8d8e0 JavaThread "Monitor Deflation Thread" daemon [_thread_blocked, id=23532, stack(0x0000005dc0400000,0x0000005dc0500000)]
  0x00000179b4803580 JavaThread "C2 CompilerThread0" daemon [_thread_blocked, id=21964, stack(0x0000005dc0500000,0x0000005dc0600000)]
  0x00000179b3e8e580 JavaThread "C1 CompilerThread0" daemon [_thread_blocked, id=11352, stack(0x0000005dc0600000,0x0000005dc0700000)]
  0x00000179b480be90 JavaThread "Sweeper thread" daemon [_thread_blocked, id=4012, stack(0x0000005dc0700000,0x0000005dc0800000)]
  0x00000179b493e6a0 JavaThread "Notification Thread" daemon [_thread_blocked, id=3796, stack(0x0000005dc0800000,0x0000005dc0900000)]
  0x00000179b4943120 JavaThread "Common-Cleaner" daemon [_thread_blocked, id=19628, stack(0x0000005dc0a00000,0x0000005dc0b00000)]
  0x00000179b4a69a20 JavaThread "C2 CompilerThread1" daemon [_thread_blocked, id=28644, stack(0x0000005dc0b00000,0x0000005dc0c00000)]
  0x00000179b4e2a7b0 JavaThread "MVStore background writer C:/Users/Maruf/Documents/GitHub/a2sv-c/a2sv-c/sampledb.mv.db" daemon [_thread_blocked, id=13612, stack(0x0000005dc0c00000,0x0000005dc0d00000)]
  0x00000179bafff890 JavaThread "HikariPool-1 housekeeper" daemon [_thread_blocked, id=2956, stack(0x0000005dc1800000,0x0000005dc1900000)]
  0x00000179b76f11f0 JavaThread "Catalina-utility-1" [_thread_blocked, id=9612, stack(0x0000005dc1a00000,0x0000005dc1b00000)]
  0x00000179b8f35420 JavaThread "Catalina-utility-2" [_thread_blocked, id=3340, stack(0x0000005dc1b00000,0x0000005dc1c00000)]
  0x00000179b7ee0c00 JavaThread "container-0" [_thread_blocked, id=12364, stack(0x0000005dc1c00000,0x0000005dc1d00000)]
  0x00000179b7fbe030 JavaThread "HikariPool-1 connection adder" daemon [_thread_blocked, id=11992, stack(0x0000005dc1d00000,0x0000005dc1e00000)]
  0x00000179b6427940 JavaThread "H2-serialization" daemon [_thread_blocked, id=20972, stack(0x0000005dc1e00000,0x0000005dc1f00000)]
  0x00000179b6426ad0 JavaThread "H2-save" daemon [_thread_blocked, id=17528, stack(0x0000005dc1f00000,0x0000005dc2000000)]
  0x00000179bafed0d0 JavaThread "C2 CompilerThread2" daemon [_thread_blocked, id=8384, stack(0x0000005dc1900000,0x0000005dc1a00000)]

Other Threads:
=>0x00000179b3e6a3c0 VMThread "VM Thread" [stack: 0x0000005dbfe00000,0x0000005dbff00000] [id=18444]
  0x000001798ee1e170 WatcherThread [stack: 0x0000005dc0900000,0x0000005dc0a00000] [id=10964]
  0x000001798edfbff0 GCTaskThread "GC Thread#0" [stack: 0x0000005dbf900000,0x0000005dbfa00000] [id=23680]
  0x00000179b539cc00 GCTaskThread "GC Thread#1" [stack: 0x0000005dc0d00000,0x0000005dc0e00000] [id=24428]
  0x00000179b539ceb0 GCTaskThread "GC Thread#2" [stack: 0x0000005dc0e00000,0x0000005dc0f00000] [id=10608]
  0x00000179b539d570 GCTaskThread "GC Thread#3" [stack: 0x0000005dc0f00000,0x0000005dc1000000] [id=4284]
  0x00000179b539d820 GCTaskThread "GC Thread#4" [stack: 0x0000005dc1000000,0x0000005dc1100000] [id=25748]
  0x00000179b539dad0 GCTaskThread "GC Thread#5" [stack: 0x0000005dc1100000,0x0000005dc1200000] [id=12884]
  0x00000179b5018840 GCTaskThread "GC Thread#6" [stack: 0x0000005dc1200000,0x0000005dc1300000] [id=12224]
  0x00000179b5f4a8c0 GCTaskThread "GC Thread#7" [stack: 0x0000005dc1400000,0x0000005dc1500000] [id=27468]
  0x00000179b5b0e4a0 GCTaskThread "GC Thread#8" [stack: 0x0000005dc1500000,0x0000005dc1600000] [id=21448]
  0x00000179b6152a40 GCTaskThread "GC Thread#9" [stack: 0x0000005dc1300000,0x0000005dc1400000] [id=5468]
  0x000001798ee0e010 ConcurrentGCThread "G1 Main Marker" [stack: 0x0000005dbfa00000,0x0000005dbfb00000] [id=10684]
  0x000001798ee0f0d0 ConcurrentGCThread "G1 Conc#0" [stack: 0x0000005dbfb00000,0x0000005dbfc00000] [id=28244]
  0x00000179b61505c0 ConcurrentGCThread "G1 Conc#1" [stack: 0x0000005dc1600000,0x0000005dc1700000] [id=19528]
  0x00000179b61515e0 ConcurrentGCThread "G1 Conc#2" [stack: 0x0000005dc1700000,0x0000005dc1800000] [id=20024]
  0x00000179b3d234f0 ConcurrentGCThread "G1 Refine#0" [stack: 0x0000005dbfc00000,0x0000005dbfd00000] [id=14176]
  0x00000179b6044160 ConcurrentGCThread "G1 Refine#1" [stack: 0x0000005dc2000000,0x0000005dc2100000] [id=23928]
  0x00000179b6044440 ConcurrentGCThread "G1 Refine#2" [stack: 0x0000005dc2100000,0x0000005dc2200000] [id=30236]
  0x00000179b6044a00 ConcurrentGCThread "G1 Refine#3" [stack: 0x0000005dc2200000,0x0000005dc2300000] [id=23048]
  0x00000179bb33e920 ConcurrentGCThread "G1 Refine#4" [stack: 0x0000005dc2300000,0x0000005dc2400000] [id=25192]
  0x00000179bb340e80 ConcurrentGCThread "G1 Refine#5" [stack: 0x0000005dc2400000,0x0000005dc2500000] [id=23888]
  0x00000179bb33eee0 ConcurrentGCThread "G1 Refine#6" [stack: 0x0000005dc2500000,0x0000005dc2600000] [id=29844]
  0x00000179bb341a00 ConcurrentGCThread "G1 Refine#7" [stack: 0x0000005dc2600000,0x0000005dc2700000] [id=10248]
  0x00000179bb341720 ConcurrentGCThread "G1 Refine#8" [stack: 0x0000005dc2700000,0x0000005dc2800000] [id=8724]
  0x00000179b3d23e20 ConcurrentGCThread "G1 Service" [stack: 0x0000005dbfd00000,0x0000005dbfe00000] [id=17632]

Threads with active compile tasks:
C2 CompilerThread0     5776 5435   !   4       org.apache.xmlbeans.impl.values.XmlObjectBase::check_dated (270 bytes)
C2 CompilerThread1     5776 5436   !   4       org.apache.xmlbeans.impl.values.XmlObjectBase::getStringValue (97 bytes)
C2 CompilerThread2     5776 5439       4       java.lang.String::regionMatches (150 bytes)

VM state: at safepoint (normal execution)

VM Mutex/Monitor currently owned by a thread:  ([mutex/lock_event])
[0x000001798ed8bab0] Threads_lock - owner thread: 0x00000179b3e6a3c0
[0x000001798ed8bea0] Heap_lock - owner thread: 0x000001798ed909a0

Heap address: 0x0000000702400000, size: 4060 MB, Compressed Oops mode: Zero based, Oop shift amount: 3

CDS archive(s) mapped at: [0x0000000800000000-0x0000000800bc0000-0x0000000800bc0000), size 12320768, SharedBaseAddress: 0x0000000800000000, ArchiveRelocationMode: 0.
Compressed class space mapped at: 0x0000000800c00000-0x0000000840c00000, reserved size: 1073741824
Narrow klass base: 0x0000000800000000, Narrow klass shift: 0, Narrow klass range: 0x100000000

GC Precious Log:
 CPUs: 12 total, 12 available
 Memory: 16232M
 Large Page Support: Disabled
 NUMA Support: Disabled
 Compressed Oops: Enabled (Zero based)
 Heap Region Size: 2M
 Heap Min Capacity: 8M
 Heap Initial Capacity: 254M
 Heap Max Capacity: 4060M
 Pre-touch: Disabled
 Parallel Workers: 10
 Concurrent Workers: 3
 Concurrent Refinement Workers: 10
 Periodic GC: Disabled

Heap:
 garbage-first heap   total 262144K, used 85786K [0x0000000702400000, 0x0000000800000000)
  region size 2048K, 2 young (4096K), 2 survivors (4096K)
 Metaspace       used 61420K, committed 61824K, reserved 1105920K
  class space    used 7856K, committed 8064K, reserved 1048576K

Heap Regions: E=young(eden), S=young(survivor), O=old, HS=humongous(starts), HC=humongous(continues), CS=collection set, F=free, OA=open archive, CA=closed archive, TAMS=top-at-mark-start (previous, next)
|   0|0x0000000702400000, 0x0000000702600000, 0x0000000702600000|100%| O|  |TAMS 0x0000000702600000, 0x0000000702400000| Untracked 
|   1|0x0000000702600000, 0x0000000702800000, 0x0000000702800000|100%| O|  |TAMS 0x0000000702800000, 0x0000000702600000| Untracked 
|   2|0x0000000702800000, 0x0000000702a00000, 0x0000000702a00000|100%| O|  |TAMS 0x0000000702a00000, 0x0000000702800000| Untracked 
|   3|0x0000000702a00000, 0x0000000702c00000, 0x0000000702c00000|100%| O|  |TAMS 0x0000000702c00000, 0x0000000702a00000| Untracked 
|   4|0x0000000702c00000, 0x0000000702e00000, 0x0000000702e00000|100%|HS|  |TAMS 0x0000000702e00000, 0x0000000702c00000| Complete 
|   5|0x0000000702e00000, 0x0000000703000000, 0x0000000703000000|100%| O|  |TAMS 0x0000000703000000, 0x0000000702e00000| Untracked 
|   6|0x0000000703000000, 0x0000000703200000, 0x0000000703200000|100%| O|  |TAMS 0x0000000703200000, 0x0000000703000000| Untracked 
|   7|0x0000000703200000, 0x0000000703400000, 0x0000000703400000|100%| O|  |TAMS 0x0000000703400000, 0x0000000703200000| Untracked 
|   8|0x0000000703400000, 0x0000000703600000, 0x0000000703600000|100%| O|  |TAMS 0x0000000703600000, 0x0000000703400000| Untracked 
|   9|0x0000000703600000, 0x0000000703800000, 0x0000000703800000|100%| O|  |TAMS 0x0000000703800000, 0x0000000703600000| Untracked 
|  10|0x0000000703800000, 0x0000000703a00000, 0x0000000703a00000|100%| O|  |TAMS 0x0000000703a00000, 0x0000000703800000| Untracked 
|  11|0x0000000703a00000, 0x0000000703c00000, 0x0000000703c00000|100%| O|  |TAMS 0x0000000703c00000, 0x0000000703a00000| Untracked 
|  12|0x0000000703c00000, 0x0000000703e00000, 0x0000000703e00000|100%| O|  |TAMS 0x0000000703e00000, 0x0000000703c00000| Untracked 
|  13|0x0000000703e00000, 0x0000000704000000, 0x0000000704000000|100%| O|  |TAMS 0x0000000704000000, 0x0000000703e00000| Untracked 
|  14|0x0000000704000000, 0x0000000704200000, 0x0000000704200000|100%| O|  |TAMS 0x0000000704200000, 0x0000000704000000| Untracked 
|  15|0x0000000704200000, 0x0000000704400000, 0x0000000704400000|100%| O|  |TAMS 0x0000000704400000, 0x0000000704200000| Untracked 
|  16|0x0000000704400000, 0x0000000704600000, 0x0000000704600000|100%| O|  |TAMS 0x0000000704600000, 0x0000000704400000| Untracked 
|  17|0x0000000704600000, 0x0000000704800000, 0x0000000704800000|100%| O|  |TAMS 0x0000000704800000, 0x0000000704600000| Untracked 
|  18|0x0000000704800000, 0x0000000704a00000, 0x0000000704a00000|100%|HS|  |TAMS 0x0000000704a00000, 0x0000000704800000| Complete 
|  19|0x0000000704a00000, 0x0000000704c00000, 0x0000000704c00000|100%|HC|  |TAMS 0x0000000704c00000, 0x0000000704a00000| Complete 
|  20|0x0000000704c00000, 0x0000000704e00000, 0x0000000704e00000|100%| O|  |TAMS 0x0000000704e00000, 0x0000000704c00000| Untracked 
|  21|0x0000000704e00000, 0x0000000705000000, 0x0000000705000000|100%| O|  |TAMS 0x0000000705000000, 0x0000000704e00000| Untracked 
|  22|0x0000000705000000, 0x0000000705200000, 0x0000000705200000|100%| O|  |TAMS 0x0000000705200000, 0x0000000705000000| Untracked 
|  23|0x0000000705200000, 0x0000000705400000, 0x0000000705400000|100%| O|  |TAMS 0x0000000705400000, 0x0000000705200000| Untracked 
|  24|0x0000000705400000, 0x0000000705600000, 0x0000000705600000|100%| O|  |TAMS 0x0000000705600000, 0x0000000705400000| Untracked 
|  25|0x0000000705600000, 0x0000000705800000, 0x0000000705800000|100%| O|  |TAMS 0x0000000705800000, 0x0000000705600000| Untracked 
|  26|0x0000000705800000, 0x0000000705a00000, 0x0000000705a00000|100%| O|  |TAMS 0x0000000705a00000, 0x0000000705800000| Untracked 
|  27|0x0000000705a00000, 0x0000000705c00000, 0x0000000705c00000|100%| O|  |TAMS 0x0000000705c00000, 0x0000000705a00000| Untracked 
|  28|0x0000000705c00000, 0x0000000705e00000, 0x0000000705e00000|100%| O|  |TAMS 0x0000000705e00000, 0x0000000705c00000| Updating 
|  29|0x0000000705e00000, 0x0000000706000000, 0x0000000706000000|100%| O|  |TAMS 0x0000000705ee2000, 0x0000000705e00000| Updating 
|  30|0x0000000706000000, 0x0000000706200000, 0x0000000706200000|100%| O|  |TAMS 0x0000000706000000, 0x0000000706000000| Untracked 
|  31|0x0000000706200000, 0x0000000706400000, 0x0000000706400000|100%| O|  |TAMS 0x0000000706400000, 0x0000000706200000| Untracked 
|  32|0x0000000706400000, 0x0000000706600000, 0x0000000706600000|100%| O|  |TAMS 0x0000000706600000, 0x0000000706400000| Untracked 
|  33|0x0000000706600000, 0x0000000706800000, 0x0000000706800000|100%| O|  |TAMS 0x0000000706800000, 0x0000000706600000| Untracked 
|  34|0x0000000706800000, 0x0000000706a00000, 0x0000000706a00000|100%| O|  |TAMS 0x0000000706a00000, 0x0000000706800000| Untracked 
|  35|0x0000000706a00000, 0x0000000706c00000, 0x0000000706c00000|100%| O|  |TAMS 0x0000000706c00000, 0x0000000706a00000| Updating 
|  36|0x0000000706c00000, 0x0000000706e00000, 0x0000000706e00000|100%| O|  |TAMS 0x0000000706c00000, 0x0000000706c00000| Updating 
|  37|0x0000000706e00000, 0x0000000707000000, 0x0000000707000000|100%| O|  |TAMS 0x0000000706e00000, 0x0000000706e00000| Untracked 
|  38|0x0000000707000000, 0x00000007071c6a00, 0x0000000707200000| 88%| O|  |TAMS 0x0000000707000000, 0x0000000707000000| Untracked 
|  39|0x0000000707200000, 0x0000000707200000, 0x0000000707400000|  0%| F|  |TAMS 0x0000000707200000, 0x0000000707200000| Untracked 
|  40|0x0000000707400000, 0x0000000707400000, 0x0000000707600000|  0%| F|  |TAMS 0x0000000707400000, 0x0000000707400000| Untracked 
|  41|0x0000000707600000, 0x0000000707600000, 0x0000000707800000|  0%| F|  |TAMS 0x0000000707600000, 0x0000000707600000| Untracked 
|  42|0x0000000707800000, 0x0000000707800000, 0x0000000707a00000|  0%| F|  |TAMS 0x0000000707800000, 0x0000000707800000| Untracked 
|  43|0x0000000707a00000, 0x0000000707a00000, 0x0000000707c00000|  0%| F|  |TAMS 0x0000000707a00000, 0x0000000707a00000| Untracked 
|  44|0x0000000707c00000, 0x0000000707c00000, 0x0000000707e00000|  0%| F|  |TAMS 0x0000000707c00000, 0x0000000707c00000| Untracked 
|  45|0x0000000707e00000, 0x0000000707e00000, 0x0000000708000000|  0%| F|  |TAMS 0x0000000707e00000, 0x0000000707e00000| Untracked 
|  46|0x0000000708000000, 0x0000000708000000, 0x0000000708200000|  0%| F|  |TAMS 0x0000000708000000, 0x0000000708000000| Untracked 
|  47|0x0000000708200000, 0x0000000708200000, 0x0000000708400000|  0%| F|  |TAMS 0x0000000708200000, 0x0000000708200000| Untracked 
|  48|0x0000000708400000, 0x0000000708400000, 0x0000000708600000|  0%| F|  |TAMS 0x0000000708400000, 0x0000000708400000| Untracked 
|  49|0x0000000708600000, 0x0000000708600000, 0x0000000708800000|  0%| F|  |TAMS 0x0000000708600000, 0x0000000708600000| Untracked 
|  50|0x0000000708800000, 0x0000000708800000, 0x0000000708a00000|  0%| F|  |TAMS 0x0000000708800000, 0x0000000708800000| Untracked 
|  51|0x0000000708a00000, 0x0000000708a00000, 0x0000000708c00000|  0%| F|  |TAMS 0x0000000708a00000, 0x0000000708a00000| Untracked 
|  52|0x0000000708c00000, 0x0000000708c00000, 0x0000000708e00000|  0%| F|  |TAMS 0x0000000708c00000, 0x0000000708c00000| Untracked 
|  53|0x0000000708e00000, 0x0000000708e00000, 0x0000000709000000|  0%| F|  |TAMS 0x0000000708e00000, 0x0000000708e00000| Untracked 
|  54|0x0000000709000000, 0x0000000709000000, 0x0000000709200000|  0%| F|  |TAMS 0x0000000709000000, 0x0000000709000000| Untracked 
|  55|0x0000000709200000, 0x0000000709200000, 0x0000000709400000|  0%| F|  |TAMS 0x0000000709200000, 0x0000000709200000| Untracked 
|  56|0x0000000709400000, 0x0000000709400000, 0x0000000709600000|  0%| F|  |TAMS 0x0000000709400000, 0x0000000709400000| Untracked 
|  57|0x0000000709600000, 0x0000000709600000, 0x0000000709800000|  0%| F|  |TAMS 0x0000000709600000, 0x0000000709600000| Untracked 
|  58|0x0000000709800000, 0x0000000709800000, 0x0000000709a00000|  0%| F|  |TAMS 0x0000000709800000, 0x0000000709800000| Untracked 
|  59|0x0000000709a00000, 0x0000000709a00000, 0x0000000709c00000|  0%| F|  |TAMS 0x0000000709a00000, 0x0000000709a00000| Untracked 
|  60|0x0000000709c00000, 0x0000000709c00000, 0x0000000709e00000|  0%| F|  |TAMS 0x0000000709c00000, 0x0000000709c00000| Untracked 
|  61|0x0000000709e00000, 0x0000000709e00000, 0x000000070a000000|  0%| F|  |TAMS 0x0000000709e00000, 0x0000000709e00000| Untracked 
|  62|0x000000070a000000, 0x000000070a000000, 0x000000070a200000|  0%| F|  |TAMS 0x000000070a000000, 0x000000070a000000| Untracked 
|  63|0x000000070a200000, 0x000000070a200000, 0x000000070a400000|  0%| F|  |TAMS 0x000000070a200000, 0x000000070a200000| Untracked 
|  64|0x000000070a400000, 0x000000070a400000, 0x000000070a600000|  0%| F|  |TAMS 0x000000070a400000, 0x000000070a400000| Untracked 
|  65|0x000000070a600000, 0x000000070a600000, 0x000000070a800000|  0%| F|  |TAMS 0x000000070a600000, 0x000000070a600000| Untracked 
|  66|0x000000070a800000, 0x000000070a800000, 0x000000070aa00000|  0%| F|  |TAMS 0x000000070a800000, 0x000000070a800000| Untracked 
|  67|0x000000070aa00000, 0x000000070aa00000, 0x000000070ac00000|  0%| F|  |TAMS 0x000000070aa00000, 0x000000070aa00000| Untracked 
|  68|0x000000070ac00000, 0x000000070ac00000, 0x000000070ae00000|  0%| F|  |TAMS 0x000000070ac00000, 0x000000070ac00000| Untracked 
|  69|0x000000070ae00000, 0x000000070ae00000, 0x000000070b000000|  0%| F|  |TAMS 0x000000070ae00000, 0x000000070ae00000| Untracked 
|  70|0x000000070b000000, 0x000000070b000000, 0x000000070b200000|  0%| F|  |TAMS 0x000000070b000000, 0x000000070b000000| Untracked 
|  71|0x000000070b200000, 0x000000070b400000, 0x000000070b400000|100%| S|CS|TAMS 0x000000070b200000, 0x000000070b200000| Complete 
|  72|0x000000070b400000, 0x000000070b600000, 0x000000070b600000|100%| S|CS|TAMS 0x000000070b400000, 0x000000070b400000| Complete 
|  73|0x000000070b600000, 0x000000070b600000, 0x000000070b800000|  0%| F|  |TAMS 0x000000070b600000, 0x000000070b600000| Untracked 
|  74|0x000000070b800000, 0x000000070b800000, 0x000000070ba00000|  0%| F|  |TAMS 0x000000070b800000, 0x000000070b800000| Untracked 
|  75|0x000000070ba00000, 0x000000070ba00000, 0x000000070bc00000|  0%| F|  |TAMS 0x000000070ba00000, 0x000000070ba00000| Untracked 
|  76|0x000000070bc00000, 0x000000070bc00000, 0x000000070be00000|  0%| F|  |TAMS 0x000000070bc00000, 0x000000070bc00000| Untracked 
|  77|0x000000070be00000, 0x000000070be00000, 0x000000070c000000|  0%| F|  |TAMS 0x000000070be00000, 0x000000070be00000| Untracked 
|  78|0x000000070c000000, 0x000000070c000000, 0x000000070c200000|  0%| F|  |TAMS 0x000000070c000000, 0x000000070c000000| Untracked 
|  79|0x000000070c200000, 0x000000070c200000, 0x000000070c400000|  0%| F|  |TAMS 0x000000070c200000, 0x000000070c200000| Untracked 
|  80|0x000000070c400000, 0x000000070c400000, 0x000000070c600000|  0%| F|  |TAMS 0x000000070c400000, 0x000000070c400000| Untracked 
|  81|0x000000070c600000, 0x000000070c600000, 0x000000070c800000|  0%| F|  |TAMS 0x000000070c600000, 0x000000070c600000| Untracked 
|  82|0x000000070c800000, 0x000000070c800000, 0x000000070ca00000|  0%| F|  |TAMS 0x000000070c800000, 0x000000070c800000| Untracked 
|  83|0x000000070ca00000, 0x000000070ca00000, 0x000000070cc00000|  0%| F|  |TAMS 0x000000070ca00000, 0x000000070ca00000| Untracked 
|  84|0x000000070cc00000, 0x000000070cc00000, 0x000000070ce00000|  0%| F|  |TAMS 0x000000070cc00000, 0x000000070cc00000| Untracked 
|  85|0x000000070ce00000, 0x000000070ce00000, 0x000000070d000000|  0%| F|  |TAMS 0x000000070ce00000, 0x000000070ce00000| Untracked 
|  86|0x000000070d000000, 0x000000070d000000, 0x000000070d200000|  0%| F|  |TAMS 0x000000070d000000, 0x000000070d000000| Untracked 
|  87|0x000000070d200000, 0x000000070d200000, 0x000000070d400000|  0%| F|  |TAMS 0x000000070d200000, 0x000000070d200000| Untracked 
|  88|0x000000070d400000, 0x000000070d400000, 0x000000070d600000|  0%| F|  |TAMS 0x000000070d400000, 0x000000070d400000| Untracked 
|  89|0x000000070d600000, 0x000000070d600000, 0x000000070d800000|  0%| F|  |TAMS 0x000000070d600000, 0x000000070d600000| Untracked 
|  90|0x000000070d800000, 0x000000070d800000, 0x000000070da00000|  0%| F|  |TAMS 0x000000070d800000, 0x000000070d800000| Untracked 
|  91|0x000000070da00000, 0x000000070da00000, 0x000000070dc00000|  0%| F|  |TAMS 0x000000070da00000, 0x000000070da00000| Untracked 
|  92|0x000000070dc00000, 0x000000070dc00000, 0x000000070de00000|  0%| F|  |TAMS 0x000000070dc00000, 0x000000070dc00000| Untracked 
|  93|0x000000070de00000, 0x000000070de00000, 0x000000070e000000|  0%| F|  |TAMS 0x000000070de00000, 0x000000070de00000| Untracked 
|  94|0x000000070e000000, 0x000000070e000000, 0x000000070e200000|  0%| F|  |TAMS 0x000000070e000000, 0x000000070e000000| Untracked 
|  95|0x000000070e200000, 0x000000070e200000, 0x000000070e400000|  0%| F|  |TAMS 0x000000070e200000, 0x000000070e200000| Untracked 
|  96|0x000000070e400000, 0x000000070e400000, 0x000000070e600000|  0%| F|  |TAMS 0x000000070e400000, 0x000000070e400000| Untracked 
|  97|0x000000070e600000, 0x000000070e600000, 0x000000070e800000|  0%| F|  |TAMS 0x000000070e600000, 0x000000070e600000| Untracked 
|  98|0x000000070e800000, 0x000000070e800000, 0x000000070ea00000|  0%| F|  |TAMS 0x000000070e800000, 0x000000070e800000| Untracked 
|  99|0x000000070ea00000, 0x000000070ea00000, 0x000000070ec00000|  0%| F|  |TAMS 0x000000070ea00000, 0x000000070ea00000| Untracked 
| 100|0x000000070ec00000, 0x000000070ec00000, 0x000000070ee00000|  0%| F|  |TAMS 0x000000070ec00000, 0x000000070ec00000| Untracked 
| 101|0x000000070ee00000, 0x000000070ee00000, 0x000000070f000000|  0%| F|  |TAMS 0x000000070ee00000, 0x000000070ee00000| Untracked 
| 102|0x000000070f000000, 0x000000070f000000, 0x000000070f200000|  0%| F|  |TAMS 0x000000070f000000, 0x000000070f000000| Untracked 
| 103|0x000000070f200000, 0x000000070f200000, 0x000000070f400000|  0%| F|  |TAMS 0x000000070f200000, 0x000000070f200000| Untracked 
| 104|0x000000070f400000, 0x000000070f400000, 0x000000070f600000|  0%| F|  |TAMS 0x000000070f400000, 0x000000070f400000| Untracked 
| 105|0x000000070f600000, 0x000000070f600000, 0x000000070f800000|  0%| F|  |TAMS 0x000000070f600000, 0x000000070f600000| Untracked 
| 106|0x000000070f800000, 0x000000070f800000, 0x000000070fa00000|  0%| F|  |TAMS 0x000000070f800000, 0x000000070f800000| Untracked 
| 107|0x000000070fa00000, 0x000000070fa00000, 0x000000070fc00000|  0%| F|  |TAMS 0x000000070fa00000, 0x000000070fa00000| Untracked 
| 108|0x000000070fc00000, 0x000000070fc00000, 0x000000070fe00000|  0%| F|  |TAMS 0x000000070fc00000, 0x000000070fc00000| Untracked 
| 109|0x000000070fe00000, 0x000000070fe00000, 0x0000000710000000|  0%| F|  |TAMS 0x000000070fe00000, 0x000000070fe00000| Untracked 
| 110|0x0000000710000000, 0x0000000710000000, 0x0000000710200000|  0%| F|  |TAMS 0x0000000710000000, 0x0000000710000000| Untracked 
| 111|0x0000000710200000, 0x0000000710200000, 0x0000000710400000|  0%| F|  |TAMS 0x0000000710200000, 0x0000000710200000| Untracked 
| 112|0x0000000710400000, 0x0000000710400000, 0x0000000710600000|  0%| F|  |TAMS 0x0000000710400000, 0x0000000710400000| Untracked 
| 113|0x0000000710600000, 0x0000000710600000, 0x0000000710800000|  0%| F|  |TAMS 0x0000000710600000, 0x0000000710600000| Untracked 
| 114|0x0000000710800000, 0x0000000710800000, 0x0000000710a00000|  0%| F|  |TAMS 0x0000000710800000, 0x0000000710800000| Untracked 
| 115|0x0000000710a00000, 0x0000000710a00000, 0x0000000710c00000|  0%| F|  |TAMS 0x0000000710a00000, 0x0000000710a00000| Untracked 
| 116|0x0000000710c00000, 0x0000000710c00000, 0x0000000710e00000|  0%| F|  |TAMS 0x0000000710c00000, 0x0000000710c00000| Untracked 
| 117|0x0000000710e00000, 0x0000000710e00000, 0x0000000711000000|  0%| F|  |TAMS 0x0000000710e00000, 0x0000000710e00000| Untracked 
| 118|0x0000000711000000, 0x0000000711000000, 0x0000000711200000|  0%| F|  |TAMS 0x0000000711000000, 0x0000000711000000| Untracked 
| 119|0x0000000711200000, 0x0000000711200000, 0x0000000711400000|  0%| F|  |TAMS 0x0000000711200000, 0x0000000711200000| Untracked 
| 120|0x0000000711400000, 0x0000000711400000, 0x0000000711600000|  0%| F|  |TAMS 0x0000000711400000, 0x0000000711400000| Untracked 
| 121|0x0000000711600000, 0x0000000711600000, 0x0000000711800000|  0%| F|  |TAMS 0x0000000711600000, 0x0000000711600000| Untracked 
| 122|0x0000000711800000, 0x0000000711800000, 0x0000000711a00000|  0%| F|  |TAMS 0x0000000711800000, 0x0000000711800000| Untracked 
| 123|0x0000000711a00000, 0x0000000711a00000, 0x0000000711c00000|  0%| F|  |TAMS 0x0000000711a00000, 0x0000000711a00000| Untracked 
| 124|0x0000000711c00000, 0x0000000711c00000, 0x0000000711e00000|  0%| F|  |TAMS 0x0000000711c00000, 0x0000000711c00000| Untracked 
| 125|0x0000000711e00000, 0x0000000711e00000, 0x0000000712000000|  0%| F|  |TAMS 0x0000000711e00000, 0x0000000711e00000| Untracked 
| 126|0x0000000712000000, 0x0000000712000000, 0x0000000712200000|  0%| F|  |TAMS 0x0000000712000000, 0x0000000712000000| Untracked 
|2029|0x00000007ffe00000, 0x0000000800000000, 0x0000000800000000|100%| O|  |TAMS 0x0000000800000000, 0x00000007ffe00000| Untracked 

Card table byte_map: [0x00000179a8290000,0x00000179a8a80000] _byte_map_base: 0x00000179a4a7e000

Marking Bits (Prev, Next): (CMBitMap*) 0x000001798edfd960, (CMBitMap*) 0x000001798edfd920
 Prev Bits: [0x00000179ad1e0000, 0x00000179b1150000)
 Next Bits: [0x00000179a9270000, 0x00000179ad1e0000)

Polling page: 0x000001798ee60000

Metaspace:

Usage:
  Non-class:     52.31 MB used.
      Class:      7.67 MB used.
       Both:     59.98 MB used.

Virtual space:
  Non-class space:       56.00 MB reserved,      52.50 MB ( 94%) committed,  7 nodes.
      Class space:        1.00 GB reserved,       7.88 MB ( <1%) committed,  1 nodes.
             Both:        1.05 GB reserved,      60.38 MB (  6%) committed. 

Chunk freelists:
   Non-Class:  3.23 MB
       Class:  116.00 KB
        Both:  3.35 MB

MaxMetaspaceSize: unlimited
CompressedClassSpaceSize: 1.00 GB
Initial GC threshold: 21.00 MB
Current GC threshold: 100.62 MB
CDS: on
MetaspaceReclaimPolicy: balanced
 - commit_granule_bytes: 65536.
 - commit_granule_words: 8192.
 - virtual_space_node_default_size: 1048576.
 - enlarge_chunks_in_place: 1.
 - new_chunks_are_fully_committed: 0.
 - uncommit_free_chunks: 1.
 - use_allocation_guard: 0.
 - handle_deallocations: 1.


Internal statistics:

num_allocs_failed_limit: 6.
num_arena_births: 414.
num_arena_deaths: 0.
num_vsnodes_births: 8.
num_vsnodes_deaths: 0.
num_space_committed: 966.
num_space_uncommitted: 0.
num_chunks_returned_to_freelist: 6.
num_chunks_taken_from_freelist: 2516.
num_chunk_merges: 3.
num_chunk_splits: 1840.
num_chunks_enlarged: 1509.
num_purges: 0.
num_inconsistent_stats: 0.

CodeHeap 'non-profiled nmethods': size=120000Kb used=3368Kb max_used=3368Kb free=116631Kb
 bounds [0x000001799f8c0000, 0x000001799fc10000, 0x00000179a6df0000]
CodeHeap 'profiled nmethods': size=120000Kb used=9669Kb max_used=9669Kb free=110330Kb
 bounds [0x0000017998390000, 0x0000017998d10000, 0x000001799f8c0000]
CodeHeap 'non-nmethods': size=5760Kb used=1319Kb max_used=1415Kb free=4440Kb
 bounds [0x0000017997df0000, 0x0000017998060000, 0x0000017998390000]
 total_blobs=5351 nmethods=4702 adapters=561
 compilation: enabled
              stopped_count=0, restarted_count=0
 full_count=0

Compilation events (20 events):
Event: 5.719 Thread 0x00000179b4a69a20 5433       4       org.apache.xmlbeans.impl.values.NamespaceContext::getNamespaceContextStack (32 bytes)
Event: 5.719 Thread 0x00000179b3e8e580 nmethod 5427 0x0000017998cf9590 code [0x0000017998cf9aa0, 0x0000017998cfbaf8]
Event: 5.719 Thread 0x00000179b3e8e580 5429       3       org.apache.poi.ss.util.CellReference$CellRefParts::<init> (38 bytes)
Event: 5.719 Thread 0x00000179b3e8e580 nmethod 5429 0x0000017998cfc810 code [0x0000017998cfc9c0, 0x0000017998cfcd18]
Event: 5.719 Thread 0x00000179b3e8e580 5422       3       org.apache.poi.xssf.usermodel.XSSFCell::<init> (104 bytes)
Event: 5.720 Thread 0x00000179b3e8e580 nmethod 5422 0x0000017998cfce10 code [0x0000017998cfd0c0, 0x0000017998cfe148]
Event: 5.720 Thread 0x00000179b3e8e580 5426       3       org.apache.poi.xssf.usermodel.XSSFSheet::onReadCell (231 bytes)
Event: 5.721 Thread 0x00000179b4803580 nmethod 5229 0x000001799fc06590 code [0x000001799fc06760, 0x000001799fc06ed8]
Event: 5.721 Thread 0x00000179b4803580 5435   !   4       org.apache.xmlbeans.impl.values.XmlObjectBase::check_dated (270 bytes)
Event: 5.721 Thread 0x00000179bafed0d0 nmethod 5224 0x000001799fc07410 code [0x000001799fc075a0, 0x000001799fc08118]
Event: 5.722 Thread 0x00000179bafed0d0 5434       4       java.util.regex.Matcher::group (112 bytes)
Event: 5.722 Thread 0x00000179b3e8e580 nmethod 5426 0x0000017998cfe710 code [0x0000017998cfeb40, 0x0000017998d00998]
Event: 5.722 Thread 0x00000179b3e8e580 5428   !   3       org.openxmlformats.schemas.spreadsheetml.x2006.main.impl.CTCellImpl::getF (47 bytes)
Event: 5.722 Thread 0x00000179b3e8e580 nmethod 5428 0x0000017998d01490 code [0x0000017998d016e0, 0x0000017998d02208]
Event: 5.722 Thread 0x00000179b3e8e580 5420   !   3       jdk.internal.reflect.GeneratedConstructorAccessor42::newInstance (53 bytes)
Event: 5.723 Thread 0x00000179b3e8e580 nmethod 5420 0x0000017998d02690 code [0x0000017998d028c0, 0x0000017998d031a8]
Event: 5.728 Thread 0x00000179bafed0d0 nmethod 5434 0x000001799fc08390 code [0x000001799fc08540, 0x000001799fc08c78]
Event: 5.728 Thread 0x00000179bafed0d0 5439       4       java.lang.String::regionMatches (150 bytes)
Event: 5.734 Thread 0x00000179b4a69a20 nmethod 5433 0x000001799fc09090 code [0x000001799fc09280, 0x000001799fc09c70]
Event: 5.734 Thread 0x00000179b4a69a20 5436   !   4       org.apache.xmlbeans.impl.values.XmlObjectBase::getStringValue (97 bytes)

GC Heap History (20 events):
Event: 3.625 GC heap after
{Heap after GC invocations=11 (full 0):
 garbage-first heap   total 61440K, used 22169K [0x0000000702400000, 0x0000000800000000)
  region size 2048K, 2 young (4096K), 2 survivors (4096K)
 Metaspace       used 40706K, committed 41024K, reserved 1089536K
  class space    used 5349K, committed 5504K, reserved 1048576K
}
Event: 3.984 GC heap before
{Heap before GC invocations=11 (full 0):
 garbage-first heap   total 61440K, used 44697K [0x0000000702400000, 0x0000000800000000)
  region size 2048K, 13 young (26624K), 2 survivors (4096K)
 Metaspace       used 45367K, committed 45696K, reserved 1089536K
  class space    used 6094K, committed 6272K, reserved 1048576K
}
Event: 3.987 GC heap after
{Heap after GC invocations=12 (full 0):
 garbage-first heap   total 61440K, used 23852K [0x0000000702400000, 0x0000000800000000)
  region size 2048K, 2 young (4096K), 2 survivors (4096K)
 Metaspace       used 45367K, committed 45696K, reserved 1089536K
  class space    used 6094K, committed 6272K, reserved 1048576K
}
Event: 4.372 GC heap before
{Heap before GC invocations=12 (full 0):
 garbage-first heap   total 61440K, used 44332K [0x0000000702400000, 0x0000000800000000)
  region size 2048K, 12 young (24576K), 2 survivors (4096K)
 Metaspace       used 49846K, committed 50112K, reserved 1097728K
  class space    used 6652K, committed 6784K, reserved 1048576K
}
Event: 4.376 GC heap after
{Heap after GC invocations=13 (full 0):
 garbage-first heap   total 61440K, used 25005K [0x0000000702400000, 0x0000000800000000)
  region size 2048K, 2 young (4096K), 2 survivors (4096K)
 Metaspace       used 49846K, committed 50112K, reserved 1097728K
  class space    used 6652K, committed 6784K, reserved 1048576K
}
Event: 4.695 GC heap before
{Heap before GC invocations=13 (full 0):
 garbage-first heap   total 61440K, used 45485K [0x0000000702400000, 0x0000000800000000)
  region size 2048K, 10 young (20480K), 2 survivors (4096K)
 Metaspace       used 54534K, committed 54848K, reserved 1097728K
  class space    used 7040K, committed 7168K, reserved 1048576K
}
Event: 4.697 GC heap after
{Heap after GC invocations=14 (full 0):
 garbage-first heap   total 61440K, used 30408K [0x0000000702400000, 0x0000000800000000)
  region size 2048K, 2 young (4096K), 2 survivors (4096K)
 Metaspace       used 54534K, committed 54848K, reserved 1097728K
  class space    used 7040K, committed 7168K, reserved 1048576K
}
Event: 4.987 GC heap before
{Heap before GC invocations=15 (full 0):
 garbage-first heap   total 79872K, used 57032K [0x0000000702400000, 0x0000000800000000)
  region size 2048K, 10 young (20480K), 2 survivors (4096K)
 Metaspace       used 58258K, committed 58688K, reserved 1105920K
  class space    used 7473K, committed 7680K, reserved 1048576K
}
Event: 4.990 GC heap after
{Heap after GC invocations=16 (full 0):
 garbage-first heap   total 79872K, used 33240K [0x0000000702400000, 0x0000000800000000)
  region size 2048K, 2 young (4096K), 2 survivors (4096K)
 Metaspace       used 58258K, committed 58688K, reserved 1105920K
  class space    used 7473K, committed 7680K, reserved 1048576K
}
Event: 5.026 GC heap before
{Heap before GC invocations=16 (full 0):
 garbage-first heap   total 79872K, used 35288K [0x0000000702400000, 0x0000000800000000)
  region size 2048K, 3 young (6144K), 2 survivors (4096K)
 Metaspace       used 58703K, committed 59136K, reserved 1105920K
  class space    used 7544K, committed 7744K, reserved 1048576K
}
Event: 5.029 GC heap after
{Heap after GC invocations=17 (full 0):
 garbage-first heap   total 114688K, used 33772K [0x0000000702400000, 0x0000000800000000)
  region size 2048K, 1 young (2048K), 1 survivors (2048K)
 Metaspace       used 58703K, committed 59136K, reserved 1105920K
  class space    used 7544K, committed 7744K, reserved 1048576K
}
Event: 5.446 GC heap before
{Heap before GC invocations=17 (full 0):
 garbage-first heap   total 114688K, used 82924K [0x0000000702400000, 0x0000000800000000)
  region size 2048K, 25 young (51200K), 1 survivors (2048K)
 Metaspace       used 60851K, committed 61248K, reserved 1105920K
  class space    used 7789K, committed 8000K, reserved 1048576K
}
Event: 5.456 GC heap after
{Heap after GC invocations=18 (full 0):
 garbage-first heap   total 116736K, used 63751K [0x0000000702400000, 0x0000000800000000)
  region size 2048K, 4 young (8192K), 4 survivors (8192K)
 Metaspace       used 60851K, committed 61248K, reserved 1105920K
  class space    used 7789K, committed 8000K, reserved 1048576K
}
Event: 5.573 GC heap before
{Heap before GC invocations=18 (full 0):
 garbage-first heap   total 116736K, used 80135K [0x0000000702400000, 0x0000000800000000)
  region size 2048K, 12 young (24576K), 4 survivors (8192K)
 Metaspace       used 61408K, committed 61824K, reserved 1105920K
  class space    used 7855K, committed 8064K, reserved 1048576K
}
Event: 5.582 GC heap after
{Heap after GC invocations=19 (full 0):
 garbage-first heap   total 116736K, used 71353K [0x0000000702400000, 0x0000000800000000)
  region size 2048K, 2 young (4096K), 2 survivors (4096K)
 Metaspace       used 61408K, committed 61824K, reserved 1105920K
  class space    used 7855K, committed 8064K, reserved 1048576K
}
Event: 5.639 GC heap before
{Heap before GC invocations=20 (full 0):
 garbage-first heap   total 131072K, used 85689K [0x0000000702400000, 0x0000000800000000)
  region size 2048K, 9 young (18432K), 2 survivors (4096K)
 Metaspace       used 61412K, committed 61824K, reserved 1105920K
  class space    used 7855K, committed 8064K, reserved 1048576K
}
Event: 5.644 GC heap after
{Heap after GC invocations=21 (full 0):
 garbage-first heap   total 131072K, used 76640K [0x0000000702400000, 0x0000000800000000)
  region size 2048K, 2 young (4096K), 2 survivors (4096K)
 Metaspace       used 61412K, committed 61824K, reserved 1105920K
  class space    used 7855K, committed 8064K, reserved 1048576K
}
Event: 5.681 GC heap before
{Heap before GC invocations=21 (full 0):
 garbage-first heap   total 131072K, used 95072K [0x0000000702400000, 0x0000000800000000)
  region size 2048K, 11 young (22528K), 2 survivors (4096K)
 Metaspace       used 61419K, committed 61824K, reserved 1105920K
  class space    used 7855K, committed 8064K, reserved 1048576K
}
Event: 5.687 GC heap after
{Heap after GC invocations=22 (full 0):
 garbage-first heap   total 131072K, used 81230K [0x0000000702400000, 0x0000000800000000)
  region size 2048K, 2 young (4096K), 2 survivors (4096K)
 Metaspace       used 61419K, committed 61824K, reserved 1105920K
  class space    used 7855K, committed 8064K, reserved 1048576K
}
Event: 5.738 GC heap before
{Heap before GC invocations=22 (full 0):
 garbage-first heap   total 161792K, used 97614K [0x0000000702400000, 0x0000000800000000)
  region size 2048K, 10 young (20480K), 2 survivors (4096K)
 Metaspace       used 61420K, committed 61824K, reserved 1105920K
  class space    used 7856K, committed 8064K, reserved 1048576K
}

Deoptimization events (20 events):
Event: 5.182 Thread 0x000001798ed909a0 DEOPT PACKING pc=0x000001799fad15c4 sp=0x0000005dbf8fd2f0
Event: 5.182 Thread 0x000001798ed909a0 DEOPT UNPACKING pc=0x0000017997e423a3 sp=0x0000005dbf8fd2a8 mode 2
Event: 5.182 Thread 0x000001798ed909a0 Uncommon trap: trap_request=0xffffffde fr.pc=0x000001799fad15c4 relative=0x0000000000000404
Event: 5.182 Thread 0x000001798ed909a0 Uncommon trap: reason=class_check action=maybe_recompile pc=0x000001799fad15c4 method=org.apache.xmlbeans.XmlOptions.hasOption(Ljava/lang/Object;)Z @ 5 c2
Event: 5.182 Thread 0x000001798ed909a0 DEOPT PACKING pc=0x000001799fad15c4 sp=0x0000005dbf8fd2f0
Event: 5.182 Thread 0x000001798ed909a0 DEOPT UNPACKING pc=0x0000017997e423a3 sp=0x0000005dbf8fd2a8 mode 2
Event: 5.478 Thread 0x000001798ed909a0 DEOPT PACKING pc=0x00000179984fd776 sp=0x0000005dbf8fd120
Event: 5.478 Thread 0x000001798ed909a0 DEOPT UNPACKING pc=0x0000017997e42b43 sp=0x0000005dbf8fc630 mode 0
Event: 5.484 Thread 0x000001798ed909a0 DEOPT PACKING pc=0x00000179984fd776 sp=0x0000005dbf8fd130
Event: 5.484 Thread 0x000001798ed909a0 DEOPT UNPACKING pc=0x0000017997e42b43 sp=0x0000005dbf8fc640 mode 0
Event: 5.504 Thread 0x000001798ed909a0 Uncommon trap: trap_request=0xffffff45 fr.pc=0x000001799f928410 relative=0x00000000000005d0
Event: 5.504 Thread 0x000001798ed909a0 Uncommon trap: reason=unstable_if action=reinterpret pc=0x000001799f928410 method=java.lang.String.regionMatches(ZILjava/lang/String;II)Z @ 21 c2
Event: 5.504 Thread 0x000001798ed909a0 DEOPT PACKING pc=0x000001799f928410 sp=0x0000005dbf8fd420
Event: 5.504 Thread 0x000001798ed909a0 DEOPT UNPACKING pc=0x0000017997e423a3 sp=0x0000005dbf8fd3c8 mode 2
Event: 5.508 Thread 0x000001798ed909a0 DEOPT PACKING pc=0x00000179984fd776 sp=0x0000005dbf8fd000
Event: 5.508 Thread 0x000001798ed909a0 DEOPT UNPACKING pc=0x0000017997e42b43 sp=0x0000005dbf8fc510 mode 0
Event: 5.633 Thread 0x000001798ed909a0 DEOPT PACKING pc=0x0000017998cd0c3b sp=0x0000005dbf8fd4a0
Event: 5.633 Thread 0x000001798ed909a0 DEOPT UNPACKING pc=0x0000017997e42b43 sp=0x0000005dbf8fc968 mode 0
Event: 5.637 Thread 0x000001798ed909a0 DEOPT PACKING pc=0x0000017998cd2c71 sp=0x0000005dbf8fd5e0
Event: 5.637 Thread 0x000001798ed909a0 DEOPT UNPACKING pc=0x0000017997e42b43 sp=0x0000005dbf8fcae8 mode 0

Classes unloaded (0 events):
No events

Classes redefined (0 events):
No events

Internal exceptions (20 events):
Event: 3.962 Thread 0x000001798ed909a0 Exception <a 'java/lang/ClassNotFoundException'{0x0000000704d9bf18}: org/springframework/core/io/support/PropertiesLoaderSupportCustomizer> (0x0000000704d9bf18) 
thrown [s\open\src\hotspot\share\classfile\systemDictionary.cpp, line 256]
Event: 3.962 Thread 0x000001798ed909a0 Exception <a 'java/lang/ClassNotFoundException'{0x0000000704daa0f8}: org/springframework/beans/factory/config/PropertiesFactoryBeanCustomizer> (0x0000000704daa0f8) 
thrown [s\open\src\hotspot\share\classfile\systemDictionary.cpp, line 256]
Event: 3.963 Thread 0x000001798ed909a0 Exception <a 'java/lang/ClassNotFoundException'{0x0000000704df80a0}: org/springframework/beans/factory/FactoryBeanCustomizer> (0x0000000704df80a0) 
thrown [s\open\src\hotspot\share\classfile\systemDictionary.cpp, line 256]
Event: 3.964 Thread 0x000001798ed909a0 Exception <a 'java/lang/ClassNotFoundException'{0x0000000704dffac8}: org/springframework/beans/factory/InitializingBeanCustomizer> (0x0000000704dffac8) 
thrown [s\open\src\hotspot\share\classfile\systemDictionary.cpp, line 256]
Event: 4.033 Thread 0x000001798ed909a0 Exception <a 'java/lang/IncompatibleClassChangeError'{0x0000000710710f08}: Found class java.lang.Object, but interface was expected> (0x0000000710710f08) 
thrown [s\open\src\hotspot\share\interpreter\linkResolver.cpp, line 826]
Event: 4.103 Thread 0x000001798ed909a0 Exception <a 'java/lang/ClassNotFoundException'{0x00000007102e39e0}: java/lang/ObjectCustomizer> (0x00000007102e39e0) 
thrown [s\open\src\hotspot\share\classfile\systemDictionary.cpp, line 256]
Event: 4.103 Thread 0x000001798ed909a0 Exception <a 'java/lang/ClassNotFoundException'{0x00000007102eba58}: com/example/maruf/a2svc/models/UserCustomizer> (0x00000007102eba58) 
thrown [s\open\src\hotspot\share\classfile\systemDictionary.cpp, line 256]
Event: 4.166 Thread 0x000001798ed909a0 Exception <a 'java/lang/IncompatibleClassChangeError'{0x00000007057dd3b0}: Found class java.lang.Object, but interface was expected> (0x00000007057dd3b0) 
thrown [s\open\src\hotspot\share\interpreter\linkResolver.cpp, line 826]
Event: 4.228 Thread 0x000001798ed909a0 Exception <a 'java/lang/reflect/InvocationTargetException'{0x00000007053233e8}> (0x00000007053233e8) 
thrown [s\open\src\hotspot\share\runtime\reflection.cpp, line 1121]
Event: 4.450 Thread 0x000001798ed909a0 Exception <a 'java/lang/NoSuchMethodError'{0x000000071079c068}: 'java.lang.Object java.lang.invoke.DirectMethodHandle$Holder.invokeStatic(java.lang.Object, java.lang.Object, int, java.lang.Object)'> (0x000000071079c068) 
thrown [s\open\src\hotspot\share\interpreter\linkResolver.cpp, line 759]
Event: 4.451 Thread 0x000001798ed909a0 Exception <a 'java/lang/NoSuchMethodError'{0x00000007107a2430}: 'java.lang.Object java.lang.invoke.DirectMethodHandle$Holder.newInvokeSpecial(java.lang.Object, java.lang.Object, int)'> (0x00000007107a2430) 
thrown [s\open\src\hotspot\share\interpreter\linkResolver.cpp, line 759]
Event: 4.540 Thread 0x000001798ed909a0 Exception <a 'sun/nio/fs/WindowsException'{0x000000071038e938}> (0x000000071038e938) 
thrown [s\open\src\hotspot\share\prims\jni.cpp, line 516]
Event: 4.550 Thread 0x000001798ed909a0 Exception <a 'java/lang/NoSuchMethodError'{0x00000007103b1650}: 'int java.lang.invoke.DirectMethodHandle$Holder.invokeStaticInit(java.lang.Object, java.lang.Object, java.lang.Object, java.lang.Object)'> (0x00000007103b1650) 
thrown [s\open\src\hotspot\share\interpreter\linkResolver.cpp, line 759]
Event: 4.613 Thread 0x000001798ed909a0 Implicit null exception at 0x000001799fb98500 to 0x000001799fb98af0
Event: 4.613 Thread 0x000001798ed909a0 Implicit null exception at 0x000001799fb858b2 to 0x000001799fb86524
Event: 4.740 Thread 0x000001798ed909a0 Exception <a 'java/lang/NoSuchMethodError'{0x0000000710658010}: 'void java.lang.invoke.DirectMethodHandle$Holder.invokeStatic(java.lang.Object, java.lang.Object, java.lang.Object, int)'> (0x0000000710658010) 
thrown [s\open\src\hotspot\share\interpreter\linkResolver.cpp, line 759]
Event: 4.740 Thread 0x000001798ed909a0 Exception <a 'java/lang/NoSuchMethodError'{0x000000071065b778}: 'void java.lang.invoke.DirectMethodHandle$Holder.invokeStaticInit(java.lang.Object, java.lang.Object, java.lang.Object, int)'> (0x000000071065b778) 
thrown [s\open\src\hotspot\share\interpreter\linkResolver.cpp, line 759]
Event: 4.803 Thread 0x000001798ed909a0 Implicit null exception at 0x000001799f9e7ec0 to 0x000001799f9e7f20
Event: 4.830 Thread 0x000001798ed909a0 Implicit null exception at 0x000001799f8fd200 to 0x000001799f8fe10c
Event: 4.831 Thread 0x000001798ed909a0 Implicit null exception at 0x000001799f99ed06 to 0x000001799f99efe0

VM Operations (20 events):
Event: 5.029 Executing VM operation: G1CollectForAllocation done
Event: 5.180 Executing VM operation: HandshakeAllThreads
Event: 5.180 Executing VM operation: HandshakeAllThreads done
Event: 5.446 Executing VM operation: G1CollectForAllocation
Event: 5.456 Executing VM operation: G1CollectForAllocation done
Event: 5.503 Executing VM operation: HandshakeAllThreads
Event: 5.503 Executing VM operation: HandshakeAllThreads done
Event: 5.572 Executing VM operation: G1CollectForAllocation
Event: 5.582 Executing VM operation: G1CollectForAllocation done
Event: 5.608 Executing VM operation: G1Concurrent
Event: 5.611 Executing VM operation: G1Concurrent done
Event: 5.624 Executing VM operation: G1Concurrent
Event: 5.625 Executing VM operation: G1Concurrent done
Event: 5.639 Executing VM operation: G1CollectForAllocation
Event: 5.644 Executing VM operation: G1CollectForAllocation done
Event: 5.681 Executing VM operation: G1CollectForAllocation
Event: 5.687 Executing VM operation: G1CollectForAllocation done
Event: 5.726 Executing VM operation: G1Concurrent
Event: 5.727 Executing VM operation: G1Concurrent done
Event: 5.738 Executing VM operation: G1CollectForAllocation

Events (20 events):
Event: 5.178 loading class com/sun/org/apache/xerces/internal/dom/DeferredTextImpl
Event: 5.179 loading class com/sun/org/apache/xerces/internal/dom/TextImpl
Event: 5.179 loading class com/sun/org/apache/xerces/internal/dom/CharacterDataImpl
Event: 5.179 loading class com/sun/org/apache/xerces/internal/dom/CharacterDataImpl done
Event: 5.179 loading class com/sun/org/apache/xerces/internal/dom/TextImpl done
Event: 5.179 loading class com/sun/org/apache/xerces/internal/dom/DeferredTextImpl done
Event: 5.180 loading class com/sun/org/apache/xerces/internal/dom/CharacterDataImpl$1
Event: 5.180 loading class com/sun/org/apache/xerces/internal/dom/CharacterDataImpl$1 done
Event: 5.190 loading class org/w3c/dom/DOMException
Event: 5.190 loading class org/w3c/dom/DOMException done
Event: 5.499 loading class java/nio/charset/Charset$ExtendedProviderHolder
Event: 5.500 loading class java/nio/charset/Charset$ExtendedProviderHolder done
Event: 5.500 loading class java/nio/charset/Charset$ExtendedProviderHolder$1
Event: 5.500 loading class java/nio/charset/Charset$ExtendedProviderHolder$1 done
Event: 5.503 loading class sun/nio/cs/DoubleByte$Decoder
Event: 5.503 loading class sun/nio/cs/DelegatableDecoder
Event: 5.503 loading class sun/nio/cs/DelegatableDecoder done
Event: 5.503 loading class sun/nio/cs/DoubleByte$Decoder done
Event: 5.503 loading class sun/nio/cs/DoubleByte$Encoder
Event: 5.504 loading class sun/nio/cs/DoubleByte$Encoder done


Dynamic libraries:
0x00007ff76c820000 - 0x00007ff76c830000 	C:\Program Files\Java\jdk-17.0.4.1\bin\java.exe
0x00007ffabdc30000 - 0x00007ffabde28000 	C:\Windows\SYSTEM32\ntdll.dll
0x00007ffabc240000 - 0x00007ffabc2fd000 	C:\Windows\System32\KERNEL32.DLL
0x00007ffabb4b0000 - 0x00007ffabb77e000 	C:\Windows\System32\KERNELBASE.dll
0x00007ffabbaf0000 - 0x00007ffabbbf0000 	C:\Windows\System32\ucrtbase.dll
0x00007ffaa5550000 - 0x00007ffaa5568000 	C:\Program Files\Java\jdk-17.0.4.1\bin\jli.dll
0x00007ffa9dfc0000 - 0x00007ffa9dfda000 	C:\Program Files\Java\jdk-17.0.4.1\bin\VCRUNTIME140.dll
0x00007ffabc770000 - 0x00007ffabc81e000 	C:\Windows\System32\ADVAPI32.dll
0x00007ffabcdd0000 - 0x00007ffabce6e000 	C:\Windows\System32\msvcrt.dll
0x00007ffabcbc0000 - 0x00007ffabcc5c000 	C:\Windows\System32\sechost.dll
0x00007ffabbc90000 - 0x00007ffabbdb5000 	C:\Windows\System32\RPCRT4.dll
0x00007ffabc8f0000 - 0x00007ffabca90000 	C:\Windows\System32\USER32.dll
0x00007ffabbbf0000 - 0x00007ffabbc12000 	C:\Windows\System32\win32u.dll
0x00007ffaa4840000 - 0x00007ffaa4ada000 	C:\Windows\WinSxS\amd64_microsoft.windows.common-controls_6595b64144ccf1df_6.0.19041.1110_none_60b5254171f9507e\COMCTL32.dll
0x00007ffabcc70000 - 0x00007ffabcc9a000 	C:\Windows\System32\GDI32.dll
0x00007ffabb960000 - 0x00007ffabba6b000 	C:\Windows\System32\gdi32full.dll
0x00007ffabb780000 - 0x00007ffabb81d000 	C:\Windows\System32\msvcp_win.dll
0x00007ffab49c0000 - 0x00007ffab49ca000 	C:\Windows\SYSTEM32\VERSION.dll
0x00007ffabbdc0000 - 0x00007ffabbdf0000 	C:\Windows\System32\IMM32.DLL
0x00007ffab30d0000 - 0x00007ffab30dc000 	C:\Program Files\Java\jdk-17.0.4.1\bin\vcruntime140_1.dll
0x00007ffa68900000 - 0x00007ffa6898d000 	C:\Program Files\Java\jdk-17.0.4.1\bin\msvcp140.dll
0x00007ffa4faf0000 - 0x00007ffa506b2000 	C:\Program Files\Java\jdk-17.0.4.1\bin\server\jvm.dll
0x00007ffabcc60000 - 0x00007ffabcc68000 	C:\Windows\System32\PSAPI.DLL
0x00007ffaa4810000 - 0x00007ffaa4837000 	C:\Windows\SYSTEM32\WINMM.dll
0x00007ffa9fe70000 - 0x00007ffa9fe79000 	C:\Windows\SYSTEM32\WSOCK32.dll
0x00007ffabc880000 - 0x00007ffabc8eb000 	C:\Windows\System32\WS2_32.dll
0x00007ffab9be0000 - 0x00007ffab9bf2000 	C:\Windows\SYSTEM32\kernel.appcore.dll
0x00007ffaa5cc0000 - 0x00007ffaa5cca000 	C:\Program Files\Java\jdk-17.0.4.1\bin\jimage.dll
0x00007ffab8fe0000 - 0x00007ffab91c4000 	C:\Windows\SYSTEM32\DBGHELP.DLL
0x00007ffa9dd20000 - 0x00007ffa9dd4c000 	C:\Windows\SYSTEM32\dbgcore.DLL
0x00007ffabb8d0000 - 0x00007ffabb952000 	C:\Windows\System32\bcryptPrimitives.dll
0x00007ffa7ccf0000 - 0x00007ffa7cd15000 	C:\Program Files\Java\jdk-17.0.4.1\bin\java.dll
0x00007ffa66a30000 - 0x00007ffa66b06000 	C:\Program Files\Java\jdk-17.0.4.1\bin\jsvml.dll
0x00007ffabd2a0000 - 0x00007ffabd9e4000 	C:\Windows\System32\SHELL32.dll
0x00007ffab9430000 - 0x00007ffab9bc4000 	C:\Windows\SYSTEM32\windows.storage.dll
0x00007ffabce70000 - 0x00007ffabd1c4000 	C:\Windows\System32\combase.dll
0x00007ffabadb0000 - 0x00007ffabade0000 	C:\Windows\SYSTEM32\Wldp.dll
0x00007ffabcca0000 - 0x00007ffabcd4d000 	C:\Windows\System32\SHCORE.dll
0x00007ffabc820000 - 0x00007ffabc875000 	C:\Windows\System32\shlwapi.dll
0x00007ffabb290000 - 0x00007ffabb2af000 	C:\Windows\SYSTEM32\profapi.dll
0x00007ffa9d970000 - 0x00007ffa9d989000 	C:\Program Files\Java\jdk-17.0.4.1\bin\net.dll
0x00007ffaa74d0000 - 0x00007ffaa75da000 	C:\Windows\SYSTEM32\WINHTTP.dll
0x00007ffabab10000 - 0x00007ffabab7a000 	C:\Windows\system32\mswsock.dll
0x00007ffa91950000 - 0x00007ffa91966000 	C:\Program Files\Java\jdk-17.0.4.1\bin\nio.dll
0x00007ffa91880000 - 0x00007ffa91898000 	C:\Program Files\Java\jdk-17.0.4.1\bin\zip.dll
0x00007ffaa5810000 - 0x00007ffaa5820000 	C:\Program Files\Java\jdk-17.0.4.1\bin\verify.dll
0x00007ffa975d0000 - 0x00007ffa975d9000 	C:\Program Files\Java\jdk-17.0.4.1\bin\management.dll
0x00007ffaa5210000 - 0x00007ffaa521b000 	C:\Program Files\Java\jdk-17.0.4.1\bin\management_ext.dll
0x00007ffa8a060000 - 0x00007ffa8a077000 	C:\Windows\system32\napinsp.dll
0x00007ffa8a040000 - 0x00007ffa8a05b000 	C:\Windows\system32\pnrpnsp.dll
0x00007ffab6070000 - 0x00007ffab6085000 	C:\Windows\system32\wshbth.dll
0x00007ffab6c90000 - 0x00007ffab6cad000 	C:\Windows\system32\NLAapi.dll
0x00007ffaba7b0000 - 0x00007ffaba7eb000 	C:\Windows\SYSTEM32\IPHLPAPI.DLL
0x00007ffaba7f0000 - 0x00007ffaba8ba000 	C:\Windows\SYSTEM32\DNSAPI.dll
0x00007ffabbfd0000 - 0x00007ffabbfd8000 	C:\Windows\System32\NSI.dll
0x00007ffa89520000 - 0x00007ffa89532000 	C:\Windows\System32\winrnr.dll
0x00007ffab2e10000 - 0x00007ffab2e1a000 	C:\Windows\System32\rasadhlp.dll
0x00007ffaa6400000 - 0x00007ffaa6480000 	C:\Windows\System32\fwpuclnt.dll
0x00007ffabbac0000 - 0x00007ffabbae7000 	C:\Windows\System32\bcrypt.dll
0x00007ffabad10000 - 0x00007ffabad28000 	C:\Windows\SYSTEM32\CRYPTSP.dll
0x00007ffaba420000 - 0x00007ffaba454000 	C:\Windows\system32\rsaenh.dll
0x00007ffabb250000 - 0x00007ffabb27e000 	C:\Windows\SYSTEM32\USERENV.dll
0x00007ffabad00000 - 0x00007ffabad0c000 	C:\Windows\SYSTEM32\CRYPTBASE.dll
0x00007ffab20a0000 - 0x00007ffab20b7000 	C:\Windows\SYSTEM32\dhcpcsvc6.DLL
0x00007ffab2a70000 - 0x00007ffab2a8d000 	C:\Windows\SYSTEM32\dhcpcsvc.DLL
0x00007ffa9e1f0000 - 0x00007ffa9e1fe000 	C:\Program Files\Java\jdk-17.0.4.1\bin\sunmscapi.dll
0x00007ffabb350000 - 0x00007ffabb4a6000 	C:\Windows\System32\CRYPT32.dll
0x00007ffabae20000 - 0x00007ffabae47000 	C:\Windows\SYSTEM32\ncrypt.dll
0x00007ffabade0000 - 0x00007ffabae1b000 	C:\Windows\SYSTEM32\NTASN1.dll

dbghelp: loaded successfully - version: 4.0.5 - missing functions: none
symbol engine: initialized successfully - sym options: 0x614 - pdb path: .;C:\Program Files\Java\jdk-17.0.4.1\bin;C:\Windows\SYSTEM32;C:\Windows\WinSxS\amd64_microsoft.windows.common-controls_6595b64144ccf1df_6.0.19041.1110_none_60b5254171f9507e;C:\Program Files\Java\jdk-17.0.4.1\bin\server

VM Arguments:
jvm_args: -Dfile.encoding=windows-1252 -Duser.country=US -Duser.language=en -Duser.variant 
java_command: com.example.maruf.a2svc.A2svCApplication
java_class_path (initial): C:\Users\Maruf\Documents\GitHub\a2sv-c\a2sv-c\build\classes\java\main;C:\Users\Maruf\Documents\GitHub\a2sv-c\a2sv-c\build\resources\main;C:\Users\Maruf\.gradle\caches\modules-2\files-2.1\org.springframework.boot\spring-boot-starter-data-jpa\2.7.3\23f7118584200cf9edd43140dc6252679047bee0\spring-boot-starter-data-jpa-2.7.3.jar;C:\Users\Maruf\.gradle\caches\modules-2\files-2.1\org.springframework.boot\spring-boot-starter-web\2.7.3\9e36c7517c4f872b69d0665e1dd46bd6d83c43b7\spring-boot-starter-web-2.7.3.jar;C:\Users\Maruf\.gradle\caches\modules-2\files-2.1\org.projectlombok\lombok\1.18.22\9c08ea24c6eb714e2d6170e8122c069a0ba9aacf\lombok-1.18.22.jar;C:\Users\Maruf\.gradle\caches\modules-2\files-2.1\org.apache.poi\poi-ooxml\4.1.2\87d9a22aa9a7dd26e80c360e709f7ee02e32ab3b\poi-ooxml-4.1.2.jar;C:\Users\Maruf\.gradle\caches\modules-2\files-2.1\org.apache.poi\poi\4.1.2\964bf41cf68bce08e4ef6b2279b559fdf8d454f4\poi-4.1.2.jar;C:\Users\Maruf\.gradle\caches\modules-2\files-2.1\com.squareup.okhttp3\okhttp\4.10.0\cd63657ac15770ed1420647154c9f44645533bef\okhttp-4.10.0.jar;C:\Users\Maruf\.gradle\caches\modules-2\files-2.1\com.google.code.gson\gson\2.9.1\2cc2131b98ebfb04e2b2c7dfb84431f4045096b\gson-2.9.1.jar;C:\Users\Maruf\.gradle\caches\modules-2\files-2.1\com.h2database\h2\2.1.214\d5c2005c9e3279201e12d4776c948578b16bf8b2\h2-2.1.214.jar;C:\Users\Maruf\.gradle\caches\modules-2\files-2.1\org.springframework.boot\spring-boot-starter-aop\2.7.3\b2806bdfae4cff6b82a174a68984a4cedd2d83f5\spring-boot-starter-aop-2.7.3.jar;C:\Users\Maruf\.gradle\caches\modules-2\files-2.1\org.springframework.boot\spring-boot-starter-jdbc\2.7.3\c5cfc6efad06811d5dd916e86c97989b08575b31\spring-boot-starter-jdbc-2.7.3.jar;C:\Users\Maruf\.gradle\caches\modules-2\files-2.1\jakarta.transaction\jakarta.transaction-api\1.3.3\c4179d48720a1e87202115fbed6089bdc4195405\jakarta.transaction-api-1.3.3.jar;C:\Users\Maruf\.gradle\caches\modules-2\files-2.1\jakarta.persistence\jakarta.persistence-api\2.2.3
Launcher Type: SUN_STANDARD

[Global flags]
     intx CICompilerCount                          = 4                                         {product} {ergonomic}
     uint ConcGCThreads                            = 3                                         {product} {ergonomic}
     uint G1ConcRefinementThreads                  = 10                                        {product} {ergonomic}
   size_t G1HeapRegionSize                         = 2097152                                   {product} {ergonomic}
    uintx GCDrainStackTargetSize                   = 64                                        {product} {ergonomic}
   size_t InitialHeapSize                          = 266338304                                 {product} {ergonomic}
   size_t MarkStackSize                            = 4194304                                   {product} {ergonomic}
   size_t MaxHeapSize                              = 4257218560                                {product} {ergonomic}
   size_t MaxNewSize                               = 2554331136                                {product} {ergonomic}
   size_t MinHeapDeltaBytes                        = 2097152                                   {product} {ergonomic}
   size_t MinHeapSize                              = 8388608                                   {product} {ergonomic}
    uintx NonNMethodCodeHeapSize                   = 5839372                                {pd product} {ergonomic}
    uintx NonProfiledCodeHeapSize                  = 122909434                              {pd product} {ergonomic}
    uintx ProfiledCodeHeapSize                     = 122909434                              {pd product} {ergonomic}
    uintx ReservedCodeCacheSize                    = 251658240                              {pd product} {ergonomic}
     bool SegmentedCodeCache                       = true                                      {product} {ergonomic}
   size_t SoftMaxHeapSize                          = 4257218560                             {manageable} {ergonomic}
     bool UseCompressedClassPointers               = true                           {product lp64_product} {ergonomic}
     bool UseCompressedOops                        = true                           {product lp64_product} {ergonomic}
     bool UseG1GC                                  = true                                      {product} {ergonomic}
     bool UseLargePagesIndividualAllocation        = false                                  {pd product} {ergonomic}

Logging:
Log output configuration:
 #0: stdout all=warning uptime,level,tags
 #1: stderr all=off uptime,level,tags

Environment Variables:
JAVA_HOME=C:\Program Files\Eclipse Adoptium\jdk-8.0.332.9-hotspot\
PATH=C:\Program Files\Common Files\Oracle\Java\javapath;C:\Program Files\VanDyke Software\Clients\;C:\Program Files\OpenJDK\jdk-11.0.15.10-hotspot\bin;C:\Program Files\Eclipse Adoptium\jdk-8.0.332.9-hotspot\bin;C:\Windows\system32;C:\Windows;C:\Windows\System32\Wbem;C:\Windows\System32\WindowsPowerShell\v1.0\;C:\Windows\System32\OpenSSH\;C:\Program Files\Microsoft VS Code\bin;C:\Program Files (x86)\dotnet\;C:\Program Files\NVIDIA Corporation\NVIDIA NvDLISR;C:\Program Files\Intel\WiFi\bin\;C:\Program Files\Common Files\Intel\WirelessCommon\;C:\Program Files (x86)\NVIDIA Corporation\PhysX\Common;C:\Program Files\nodejs\;C:\Program Files\Git\cmd;C:\flutter\bin;C:\Users\Maruf\AppData\Local\Programs\Python\Python310\Scripts;C:\Users\Maruf\AppData\Local\Programs\Python\Python310;C:\Program Files\dotnet\;C:\Program Files\PuTTY\;C:\Users\Maruf\AppData\Local\Microsoft\WindowsApps;C:\Users\Maruf\AppData\Local\GitHubDesktop\bin;C:\Users\Maruf\AppData\Roaming\npm;;C:\Users\Maruf\AppData\Local\Programs\Hyper\resources\bin
USERNAME=Maruf
OS=Windows_NT
PROCESSOR_IDENTIFIER=Intel64 Family 6 Model 158 Stepping 10, GenuineIntel



---------------  S Y S T E M  ---------------

OS:
 Windows 10 , 64 bit Build 19041 (10.0.19041.1889)
OS uptime: 6 days 10:52 hours

CPU: total 12 (initial active 12) (6 cores per cpu, 2 threads per core) family 6 model 158 stepping 10 microcode 0xd2, cx8, cmov, fxsr, ht, mmx, 3dnowpref, sse, sse2, sse3, ssse3, sse4.1, sse4.2, popcnt, lzcnt, tsc, tscinvbit, avx, avx2, aes, erms, clmul, bmi1, bmi2, adx, fma, vzeroupper, clflush, clflushopt

Memory: 4k page, system-wide physical 16232M (1007M free)
TotalPageFile size 46679M (AvailPageFile size 4M)
current process WorkingSet (physical memory assigned to process): 313M, peak: 313M
current process commit charge ("private bytes"): 484M, peak: 544M

vm_info: Java HotSpot(TM) 64-Bit Server VM (17.0.4.1+1-LTS-2) for windows-amd64 JRE (17.0.4.1+1-LTS-2), built on Aug 16 2022 18:32:06 by "mach5one" with MS VC++ 16.8 / 16.9 (VS2019)

END.
